<?xml version="1.0" encoding="UTF-8"?>
<testsuite xmlns:xsi="http://www.w3.org/2001/XMLSchema-instance" xsi:noNamespaceSchemaLocation="https://maven.apache.org/surefire/maven-surefire-plugin/xsd/surefire-test-report-3.0.xsd" version="3.0" name="Playwright_tc2" time="9.581" tests="1" errors="0" skipped="0" failures="1">
  <properties>
    <property name="java.specification.version" value="19"/>
    <property name="sun.cpu.isalist" value="amd64"/>
    <property name="sun.jnu.encoding" value="Cp1252"/>
    <property name="java.class.path" value="C:\Data\Java\Minor projects\HelloWorld\target\test-classes;C:\Data\Java\Minor projects\HelloWorld\target\classes;C:\Users\ericd\.m2\repository\org\junit\jupiter\junit-jupiter-api\5.10.0\junit-jupiter-api-5.10.0.jar;C:\Users\ericd\.m2\repository\org\opentest4j\opentest4j\1.3.0\opentest4j-1.3.0.jar;C:\Users\ericd\.m2\repository\org\junit\platform\junit-platform-commons\1.10.0\junit-platform-commons-1.10.0.jar;C:\Users\ericd\.m2\repository\org\apiguardian\apiguardian-api\1.1.2\apiguardian-api-1.1.2.jar;C:\Users\ericd\.m2\repository\com\microsoft\playwright\playwright\1.42.0\playwright-1.42.0.jar;C:\Users\ericd\.m2\repository\com\google\code\gson\gson\2.10.1\gson-2.10.1.jar;C:\Users\ericd\.m2\repository\com\microsoft\playwright\driver\1.42.0\driver-1.42.0.jar;C:\Users\ericd\.m2\repository\com\microsoft\playwright\driver-bundle\1.42.0\driver-bundle-1.42.0.jar;C:\Users\ericd\.m2\repository\com\deque\html\axe-core\playwright\4.9.0\playwright-4.9.0.jar;C:\Users\ericd\.m2\repository\commons-codec\commons-codec\1.16.1\commons-codec-1.16.1.jar;C:\Users\ericd\.m2\repository\org\apache\commons\commons-compress\1.26.0\commons-compress-1.26.0.jar;C:\Users\ericd\.m2\repository\org\apache\commons\commons-lang3\3.14.0\commons-lang3-3.14.0.jar;C:\Users\ericd\.m2\repository\com\fasterxml\jackson\core\jackson-annotations\2.16.1\jackson-annotations-2.16.1.jar;C:\Users\ericd\.m2\repository\com\fasterxml\jackson\core\jackson-databind\2.16.1\jackson-databind-2.16.1.jar;C:\Users\ericd\.m2\repository\com\fasterxml\jackson\core\jackson-core\2.16.1\jackson-core-2.16.1.jar;C:\Users\ericd\.m2\repository\commons-io\commons-io\2.15.1\commons-io-2.15.1.jar;C:\Users\ericd\.m2\repository\com\deque\html\axe-core\dequeutilites\4.9.0\dequeutilites-4.9.0.jar;"/>
    <property name="java.vm.vendor" value="Oracle Corporation"/>
    <property name="sun.arch.data.model" value="64"/>
    <property name="user.variant" value=""/>
    <property name="java.vendor.url" value="https://java.oracle.com/"/>
    <property name="user.timezone" value="Europe/London"/>
    <property name="os.name" value="Windows 10"/>
    <property name="java.vm.specification.version" value="19"/>
    <property name="sun.java.launcher" value="SUN_STANDARD"/>
    <property name="user.country" value="GB"/>
    <property name="sun.boot.library.path" value="C:\Program Files\Java\jdk-19\bin"/>
    <property name="sun.java.command" value="C:\Users\ericd\AppData\Local\Temp\surefire5796988134669985288\surefirebooter13745427272589015551.jar C:\Users\ericd\AppData\Local\Temp\surefire5796988134669985288 2024-04-09T18-08-21_703-jvmRun1 surefire15644560996811903078tmp surefire_09007385823312475211tmp"/>
    <property name="jdk.debug" value="release"/>
    <property name="surefire.test.class.path" value="C:\Data\Java\Minor projects\HelloWorld\target\test-classes;C:\Data\Java\Minor projects\HelloWorld\target\classes;C:\Users\ericd\.m2\repository\org\junit\jupiter\junit-jupiter-api\5.10.0\junit-jupiter-api-5.10.0.jar;C:\Users\ericd\.m2\repository\org\opentest4j\opentest4j\1.3.0\opentest4j-1.3.0.jar;C:\Users\ericd\.m2\repository\org\junit\platform\junit-platform-commons\1.10.0\junit-platform-commons-1.10.0.jar;C:\Users\ericd\.m2\repository\org\apiguardian\apiguardian-api\1.1.2\apiguardian-api-1.1.2.jar;C:\Users\ericd\.m2\repository\com\microsoft\playwright\playwright\1.42.0\playwright-1.42.0.jar;C:\Users\ericd\.m2\repository\com\google\code\gson\gson\2.10.1\gson-2.10.1.jar;C:\Users\ericd\.m2\repository\com\microsoft\playwright\driver\1.42.0\driver-1.42.0.jar;C:\Users\ericd\.m2\repository\com\microsoft\playwright\driver-bundle\1.42.0\driver-bundle-1.42.0.jar;C:\Users\ericd\.m2\repository\com\deque\html\axe-core\playwright\4.9.0\playwright-4.9.0.jar;C:\Users\ericd\.m2\repository\commons-codec\commons-codec\1.16.1\commons-codec-1.16.1.jar;C:\Users\ericd\.m2\repository\org\apache\commons\commons-compress\1.26.0\commons-compress-1.26.0.jar;C:\Users\ericd\.m2\repository\org\apache\commons\commons-lang3\3.14.0\commons-lang3-3.14.0.jar;C:\Users\ericd\.m2\repository\com\fasterxml\jackson\core\jackson-annotations\2.16.1\jackson-annotations-2.16.1.jar;C:\Users\ericd\.m2\repository\com\fasterxml\jackson\core\jackson-databind\2.16.1\jackson-databind-2.16.1.jar;C:\Users\ericd\.m2\repository\com\fasterxml\jackson\core\jackson-core\2.16.1\jackson-core-2.16.1.jar;C:\Users\ericd\.m2\repository\commons-io\commons-io\2.15.1\commons-io-2.15.1.jar;C:\Users\ericd\.m2\repository\com\deque\html\axe-core\dequeutilites\4.9.0\dequeutilites-4.9.0.jar;"/>
    <property name="sun.cpu.endian" value="little"/>
    <property name="user.home" value="C:\Users\ericd"/>
    <property name="user.language" value="en"/>
    <property name="java.specification.vendor" value="Oracle Corporation"/>
    <property name="java.version.date" value="2023-01-17"/>
    <property name="java.home" value="C:\Program Files\Java\jdk-19"/>
    <property name="file.separator" value="\"/>
    <property name="basedir" value="C:\Data\Java\Minor projects\HelloWorld"/>
    <property name="java.vm.compressedOopsMode" value="Zero based"/>
    <property name="line.separator" value="&#10;"/>
    <property name="java.vm.specification.vendor" value="Oracle Corporation"/>
    <property name="java.specification.name" value="Java Platform API Specification"/>
    <property name="surefire.real.class.path" value="C:\Users\ericd\AppData\Local\Temp\surefire5796988134669985288\surefirebooter13745427272589015551.jar"/>
    <property name="user.script" value=""/>
    <property name="sun.management.compiler" value="HotSpot 64-Bit Tiered Compilers"/>
    <property name="java.runtime.version" value="19.0.2+7-44"/>
    <property name="user.name" value="ericd"/>
    <property name="stdout.encoding" value="Cp1252"/>
    <property name="path.separator" value=";"/>
    <property name="os.version" value="10.0"/>
    <property name="java.runtime.name" value="Java(TM) SE Runtime Environment"/>
    <property name="file.encoding" value="UTF-8"/>
    <property name="java.vm.name" value="Java HotSpot(TM) 64-Bit Server VM"/>
    <property name="localRepository" value="C:\Users\ericd\.m2\repository"/>
    <property name="java.vendor.url.bug" value="https://bugreport.java.com/bugreport/"/>
    <property name="java.io.tmpdir" value="C:\Users\ericd\AppData\Local\Temp\"/>
    <property name="idea.version" value="2023.1.1"/>
    <property name="java.version" value="19.0.2"/>
    <property name="user.dir" value="C:\Data\Java\Minor projects\HelloWorld"/>
    <property name="os.arch" value="amd64"/>
    <property name="java.vm.specification.name" value="Java Virtual Machine Specification"/>
    <property name="sun.os.patch.level" value=""/>
    <property name="native.encoding" value="Cp1252"/>
    <property name="java.library.path" value="C:\Program Files\Java\jdk-19\bin;C:\WINDOWS\Sun\Java\bin;C:\WINDOWS\system32;C:\WINDOWS;C:\Program Files\Common Files\Oracle\Java\javapath;C:\Program Files (x86)\TRICENTIS\Tosca Testsuite\Classic;C:\Program Files (x86)\TRICENTIS\Tosca Testsuite\ToscaCommander;;C:\Program Files (x86)\TRICENTIS\Tosca Testsuite\Classic;C:\Program Files (x86)\TRICENTIS\Tosca Testsuite\Classic\dll;C:\Program Files (x86)\TRICENTIS\Tosca Testsuite\Classic\dll\GuptaEngine;C:\Program Files (x86)\TRICENTIS\Tosca Testsuite\ToscaCommander;C:\Program Files (x86)\TRICENTIS\Tosca Testsuite\Classic\dll\DelphiEngine;C:\Program Files (x86)\TRICENTIS\Tosca Testsuite\Classic\dll\PBEngine;C:\Program Files (x86)\TRICENTIS\Tosca Testsuite\Classic\dll\VBEngine;C:\Program Files (x86)\TRICENTIS\Tosca Testsuite\Classic\dll\DotNetHooking;;C:\Program Files (x86)\TRICENTIS\Tosca Testsuite\TBox\\Resources\Mobile\Tools;C:\PROGRAMDATA\ORACLE\JAVA\JAVAPATH;C:\PROGRAM FILES\DELL\DW WLAN CARD;C:\WINDOWS\SYSTEM32;C:\WINDOWS;C:\WINDOWS\SYSTEM32\WBEM;C:\WINDOWS\SYSTEM32\WINDOWSPOWERSHELL\V1.0\;C:\PROGRAM FILES (X86)\NVIDIA CORPORATION\PHYSX\COMMON;C:\PROGRAM FILES\JAVA\jdk-11.0.6\BIN;C:\WINDOWS\SYSTEM32\OPENSSH\;C:\Program Files\NVIDIA Corporation\NVIDIA NvDLISR;C:\WINDOWS\system32;C:\WINDOWS;C:\WINDOWS\System32\Wbem;C:\WINDOWS\System32\WindowsPowerShell\v1.0\;C:\WINDOWS\System32\OpenSSH\;C:\Data\Browsers\;C:\Program Files (x86)\Intel\Intel(R) Management Engine Components\DAL;C:\Program Files\Intel\Intel(R) Management Engine Components\DAL;C:\Program Files\Git\cmd;C:\Users\ericd\AppData\Roaming\Python\Python38\Scripts;C:\Program Files\Selenium;C:\Program Files\dotnet\;C:\Program Files\Microsoft SQL Server\130\Tools\Binn\;C:\Program Files\Microsoft SQL Server\Client SDK\ODBC\170\Tools\Binn\;C:\Program Files (x86)\dotnet\;C:\Program Files\nodejs\;C:\Program Files\Docker\Docker\resources\bin;C:\Users\ericd\AppData\Local\Programs\Python\Python39\Scripts\;C:\Users\ericd\AppData\Local\Programs\Python\Python39\;C:\Program Files (x86)\;C:\Users\ericd\AppData\Local\Android\Sdk\platform-tools;C:\Users\ericd\AppData\Local\Android\Sdk\build-tools\29.0.2;C:\Users\ericd\AppData\Local\Android\Sdk\tools\bin;C:\Users\ericd\AppData\Local\Android\Sdk\build-tools;C:\Users\ericd\AppData\Local\Android\Sdk\tools;C:\Users\ericd\AppData\Local\Microsoft\WindowsApps;C:\Program Files\Java\jre1.8.0_121\bin;C:\Program Files\Java\apache-maven-3.6.1\bin;%M2_HOME%\bin ;C:\Program Files\JetBrains\IntelliJ IDEA Educational Edition 2019.2\bin;;C:\Data\Browsers\;c:\program files\selenium;C:\Users\ericd\.dotnet\tools;C:\Users\ericd\AppData\Roaming\npm;."/>
    <property name="java.vm.info" value="mixed mode, sharing"/>
    <property name="stderr.encoding" value="Cp1252"/>
    <property name="java.vendor" value="Oracle Corporation"/>
    <property name="java.vm.version" value="19.0.2+7-44"/>
    <property name="sun.io.unicode.encoding" value="UnicodeLittle"/>
    <property name="java.class.version" value="63.0"/>
  </properties>
  <testcase name="runthistest" classname="Playwright_tc2" time="9.579">
    <failure type="org.opentest4j.AssertionFailedError"><![CDATA[org.opentest4j.AssertionFailedError: 
Page title expected to be: Installation | Playwright_tc1
Received: Installation | Playwright

Call log:
Locator.expect with timeout 5000ms
waiting for locator(":root")
  locator resolved to <html lang="en" dir="ltr" data-theme="light" data-has-…>…</html>
  unexpected value "Fast and reliable end-to-end testing for modern web apps | Playwright"
  locator resolved to <html lang="en" dir="ltr" data-theme="light" data-has-…>…</html>
  unexpected value "Fast and reliable end-to-end testing for modern web apps | Playwright"
  locator resolved to <html lang="en" dir="ltr" data-theme="light" data-has-…>…</html>
  unexpected value "Installation | Playwright"
  locator resolved to <html lang="en" dir="ltr" data-theme="light" data-has-…>…</html>
  unexpected value "Installation | Playwright"
  locator resolved to <html lang="en" dir="ltr" data-theme="light" data-has-…>…</html>
  unexpected value "Installation | Playwright"
  locator resolved to <html lang="en" dir="ltr" data-theme="light" data-has-…>…</html>
  unexpected value "Installation | Playwright"
  locator resolved to <html lang="en" dir="ltr" data-theme="light" data-has-…>…</html>
  unexpected value "Installation | Playwright"
  locator resolved to <html lang="en" dir="ltr" data-theme="light" data-has-…>…</html>
  unexpected value "Installation | Playwright"
	at Playwright_tc2.runthistest(Playwright_tc2.java:35)
]]></failure>
    <system-out><![CDATA[===
Rule{id='empty-heading', description='Ensures headings have discernible text', help='Headings should not be empty', helpUrl='https://dequeuniversity.com/rules/axe/4.9/empty-heading?application=PlaywrightJava', impact='minor', tags=[cat.name-role-value, best-practice], nodes=[CheckedNode{target='[.col--6.col:nth-child(2) > h3]', html='<h3></h3>', impact='minor', failureSummary='Fix any of the following:
  Element does not have text that is visible to screen readers
  aria-label attribute does not exist or is empty
  aria-labelledby attribute does not exist, references elements that do not exist or references elements that are empty
  Element has no title attribute', any='[CheckedNode{id='has-visible-text', impact='minor', message='Element does not have text that is visible to screen readers', data='null', relatedNodes='[]'}, CheckedNode{id='aria-label', impact='minor', message='aria-label attribute does not exist or is empty', data='null', relatedNodes='[]'}, CheckedNode{id='aria-labelledby', impact='minor', message='aria-labelledby attribute does not exist, references elements that do not exist or references elements that are empty', data='null', relatedNodes='[]'}, CheckedNode{id='non-empty-title', impact='minor', message='Element has no title attribute', data='{messageKey=noAttr}', relatedNodes='[]'}]', all='[]', none='[]'}, CheckedNode{target='[.col--6.col:nth-child(3) > h3]', html='<h3></h3>', impact='minor', failureSummary='Fix any of the following:
  Element does not have text that is visible to screen readers
  aria-label attribute does not exist or is empty
  aria-labelledby attribute does not exist, references elements that do not exist or references elements that are empty
  Element has no title attribute', any='[CheckedNode{id='has-visible-text', impact='minor', message='Element does not have text that is visible to screen readers', data='null', relatedNodes='[]'}, CheckedNode{id='aria-label', impact='minor', message='aria-label attribute does not exist or is empty', data='null', relatedNodes='[]'}, CheckedNode{id='aria-labelledby', impact='minor', message='aria-labelledby attribute does not exist, references elements that do not exist or references elements that are empty', data='null', relatedNodes='[]'}, CheckedNode{id='non-empty-title', impact='minor', message='Element has no title attribute', data='{messageKey=noAttr}', relatedNodes='[]'}]', all='[]', none='[]'}, CheckedNode{target='[.col--6.col:nth-child(6) > h3]', html='<h3></h3>', impact='minor', failureSummary='Fix any of the following:
  Element does not have text that is visible to screen readers
  aria-label attribute does not exist or is empty
  aria-labelledby attribute does not exist, references elements that do not exist or references elements that are empty
  Element has no title attribute', any='[CheckedNode{id='has-visible-text', impact='minor', message='Element does not have text that is visible to screen readers', data='null', relatedNodes='[]'}, CheckedNode{id='aria-label', impact='minor', message='aria-label attribute does not exist or is empty', data='null', relatedNodes='[]'}, CheckedNode{id='aria-labelledby', impact='minor', message='aria-labelledby attribute does not exist, references elements that do not exist or references elements that are empty', data='null', relatedNodes='[]'}, CheckedNode{id='non-empty-title', impact='minor', message='Element has no title attribute', data='{messageKey=noAttr}', relatedNodes='[]'}]', all='[]', none='[]'}, CheckedNode{target='[.col--6.col:nth-child(7) > h3]', html='<h3></h3>', impact='minor', failureSummary='Fix any of the following:
  Element does not have text that is visible to screen readers
  aria-label attribute does not exist or is empty
  aria-labelledby attribute does not exist, references elements that do not exist or references elements that are empty
  Element has no title attribute', any='[CheckedNode{id='has-visible-text', impact='minor', message='Element does not have text that is visible to screen readers', data='null', relatedNodes='[]'}, CheckedNode{id='aria-label', impact='minor', message='aria-label attribute does not exist or is empty', data='null', relatedNodes='[]'}, CheckedNode{id='aria-labelledby', impact='minor', message='aria-labelledby attribute does not exist, references elements that do not exist or references elements that are empty', data='null', relatedNodes='[]'}, CheckedNode{id='non-empty-title', impact='minor', message='Element has no title attribute', data='{messageKey=noAttr}', relatedNodes='[]'}]', all='[]', none='[]'}], url='null', createdDate='null'}
===
Rule{id='heading-order', description='Ensures the order of headings is semantically correct', help='Heading levels should only increase by one', helpUrl='https://dequeuniversity.com/rules/axe/4.9/heading-order?application=PlaywrightJava', impact='moderate', tags=[cat.semantics, best-practice], nodes=[CheckedNode{target='[.col--6.col:nth-child(1) > h3]', html='<h3>Any browser • Any platform • One API</h3>', impact='moderate', failureSummary='Fix any of the following:
  Heading order invalid', any='[CheckedNode{id='heading-order', impact='moderate', message='Heading order invalid', data='null', relatedNodes='[]'}]', all='[]', none='[]'}], url='null', createdDate='null'}
Fast and reliable end-to-end testing for modern web apps | Playwright
]]></system-out>
  </testcase>
</testsuite>